Using pre-set license
Built from '2020.3/staging' branch; Version is '2020.3.48f1 (b805b124c6b7) revision 12060081'; Using compiler version '192528614'; Build Type 'Release'
OS: 'Windows 11  (10.0.22621) 64bit CoreSingleLanguage' Language: 'tr' Physical Memory: 16257 MB
BatchMode: 1, IsHumanControllingUs: 0, StartBugReporterOnCrash: 0, Is64bit: 1, IsPro: 0

COMMAND LINE ARGUMENTS:
C:\Program Files\Unity 2020.3.48f1\Editor\Unity.exe
-adb2
-batchMode
-noUpm
-name
AssetImportWorker0
-projectPath
C:/Users/malgb/OneDrive/Belgeler/GitHub/PA2_InvadersFromSpace/PA2_InvadersFromSpace
-logFile
Logs/AssetImportWorker0.log
-srvPort
65216
Successfully changed project path to: C:/Users/malgb/OneDrive/Belgeler/GitHub/PA2_InvadersFromSpace/PA2_InvadersFromSpace
C:/Users/malgb/OneDrive/Belgeler/GitHub/PA2_InvadersFromSpace/PA2_InvadersFromSpace
Using Asset Import Pipeline V2.
Player connection [15208] Host "[IP] 192.168.0.161 [Port] 805523936 [Flags] 2 [Guid] 3741419955 [EditorId] 3741419955 [Version] 1048832 [Id] WindowsEditor(7,Selin) [Debug] 1 [PackageName] WindowsEditor [ProjectName] Editor" joined multi-casting on [225.0.0.222:54997]...

Player connection [15208] Host "[IP] 192.168.0.161 [Port] 805523936 [Flags] 2 [Guid] 3741419955 [EditorId] 3741419955 [Version] 1048832 [Id] WindowsEditor(7,Selin) [Debug] 1 [PackageName] WindowsEditor [ProjectName] Editor" joined alternative multi-casting on [225.0.0.222:34997]...

Refreshing native plugins compatible for Editor in 44.90 ms, found 3 plugins.
Preloading 0 native plugins for Editor in 0.00 ms.
Initialize engine version: 2020.3.48f1 (b805b124c6b7)
[Subsystems] Discovering subsystems at path C:/Program Files/Unity 2020.3.48f1/Editor/Data/Resources/UnitySubsystems
[Subsystems] Discovering subsystems at path C:/Users/malgb/OneDrive/Belgeler/GitHub/PA2_InvadersFromSpace/PA2_InvadersFromSpace/Assets
GfxDevice: creating device client; threaded=0
Direct3D:
    Version:  Direct3D 11.0 [level 11.1]
    Renderer: NVIDIA GeForce GTX 1050 (ID=0x1c8d)
    Vendor:   
    VRAM:     4018 MB
    Driver:   31.0.15.3203
Initialize mono
Mono path[0] = 'C:/Program Files/Unity 2020.3.48f1/Editor/Data/Managed'
Mono path[1] = 'C:/Program Files/Unity 2020.3.48f1/Editor/Data/MonoBleedingEdge/lib/mono/unityjit'
Mono config path = 'C:/Program Files/Unity 2020.3.48f1/Editor/Data/MonoBleedingEdge/etc'
Using monoOptions --debugger-agent=transport=dt_socket,embedding=1,server=y,suspend=n,address=127.0.0.1:56244
Begin MonoManager ReloadAssembly
Registering precompiled unity dll's ...
Register platform support module: C:/Program Files/Unity 2020.3.48f1/Editor/Data/PlaybackEngines/WindowsStandaloneSupport/UnityEditor.WindowsStandalone.Extensions.dll
Registered in 0.001636 seconds.
Native extension for WindowsStandalone target not found
Refreshing native plugins compatible for Editor in 40.87 ms, found 3 plugins.
Preloading 0 native plugins for Editor in 0.00 ms.
Mono: successfully reloaded assembly
- Completed reload, in  0.649 seconds
Domain Reload Profiling:
	ReloadAssembly (650ms)
		BeginReloadAssembly (71ms)
			ExecutionOrderSort (0ms)
			DisableScriptedObjects (0ms)
			BackupInstance (0ms)
			ReleaseScriptingObjects (0ms)
			CreateAndSetChildDomain (1ms)
		EndReloadAssembly (501ms)
			LoadAssemblies (69ms)
			RebuildTransferFunctionScriptingTraits (0ms)
			SetupTypeCache (170ms)
			ReleaseScriptCaches (0ms)
			RebuildScriptCaches (35ms)
			SetupLoadedEditorAssemblies (184ms)
				LogAssemblyErrors (0ms)
				InitializePlatformSupportModulesInManaged (4ms)
				SetLoadedEditorAssemblies (0ms)
				RefreshPlugins (41ms)
				BeforeProcessingInitializeOnLoad (13ms)
				ProcessInitializeOnLoadAttributes (92ms)
				ProcessInitializeOnLoadMethodAttributes (33ms)
				AfterProcessingInitializeOnLoad (0ms)
				EditorAssembliesLoaded (0ms)
			ExecutionOrderSort2 (0ms)
			AwakeInstancesAfterBackupRestoration (0ms)
Platform modules already initialized, skipping
Registering precompiled user dll's ...
Registered in 0.004885 seconds.
Begin MonoManager ReloadAssembly
Native extension for WindowsStandalone target not found
Refreshing native plugins compatible for Editor in 60.75 ms, found 3 plugins.
Preloading 0 native plugins for Editor in 0.00 ms.
Mono: successfully reloaded assembly
- Completed reload, in  1.471 seconds
Domain Reload Profiling:
	ReloadAssembly (1472ms)
		BeginReloadAssembly (165ms)
			ExecutionOrderSort (0ms)
			DisableScriptedObjects (5ms)
			BackupInstance (0ms)
			ReleaseScriptingObjects (0ms)
			CreateAndSetChildDomain (25ms)
		EndReloadAssembly (1241ms)
			LoadAssemblies (110ms)
			RebuildTransferFunctionScriptingTraits (0ms)
			SetupTypeCache (329ms)
			ReleaseScriptCaches (0ms)
			RebuildScriptCaches (63ms)
			SetupLoadedEditorAssemblies (572ms)
				LogAssemblyErrors (0ms)
				InitializePlatformSupportModulesInManaged (6ms)
				SetLoadedEditorAssemblies (0ms)
				RefreshPlugins (61ms)
				BeforeProcessingInitializeOnLoad (134ms)
				ProcessInitializeOnLoadAttributes (330ms)
				ProcessInitializeOnLoadMethodAttributes (31ms)
				AfterProcessingInitializeOnLoad (10ms)
				EditorAssembliesLoaded (0ms)
			ExecutionOrderSort2 (0ms)
			AwakeInstancesAfterBackupRestoration (4ms)
Platform modules already initialized, skipping
========================================================================
Worker process is ready to serve import requests
Launched and connected shader compiler UnityShaderCompiler.exe after 0.08 seconds
Refreshing native plugins compatible for Editor in 0.49 ms, found 3 plugins.
Preloading 0 native plugins for Editor in 0.00 ms.
Unloading 2015 Unused Serialized files (Serialized files now loaded: 0)
System memory in use before: 92.7 MB.
System memory in use after: 92.8 MB.

Unloading 27 unused Assets to reduce memory usage. Loaded Objects now: 2450.
Total: 6.355400 ms (FindLiveObjects: 0.353500 ms CreateObjectMapping: 0.068600 ms MarkObjects: 5.660800 ms  DeleteObjects: 0.268600 ms)

AssetImportParameters requested are different than current active one (requested -> active):
  custom:framework-win-MediaFoundation: 216162199b28c13a410421893ffa2e32 -> 
  custom:video-decoder-ogg-theora: a1e56fd34408186e4bbccfd4996cb3dc -> 
  custom:container-muxer-webm: aa71ff27fc2769a1b78a27578f13a17b -> 
  custom:container-demuxer-webm: 4f35f7cbe854078d1ac9338744f61a02 -> 
  custom:container-demuxer-ogg: 62fdf1f143b41e24485cea50d1cbac27 -> 
  custom:video-encoder-webm-vp8: eb34c28f22e8b96e1ab97ce403110664 -> 
  custom:video-codec-MediaFoundation-h265: 746d11721c4dcdbdad8f713fa42b33f4 -> 
  custom:video-decoder-webm-vp8: 9c59270c3fd7afecdb556c50c9e8de78 -> 
  custom:audio-decoder-ogg-vorbis: bf7c407c2cedff20999df2af8eb42d56 -> 
  custom:audio-encoder-webm-vorbis: bf7c407c2cedff20999df2af8eb42d56 -> 
========================================================================
Received Import Request.
  path: Assets
  artifactKey: Guid(00000000000000001000000000000000) Importer(815301076,1909f56bfc062723c751e8b465ee728b)
Start importing Assets using Guid(00000000000000001000000000000000) Importer(815301076,1909f56bfc062723c751e8b465ee728b)  -> (artifact id: '42d402b061de3733987d63b9cc3b64de') in 0.022306 seconds 
========================================================================
Received Import Request.
  Time since last request: 2.336808 seconds.
  path: Assets/Fonts
  artifactKey: Guid(92261c0e10d091b41a14dad79af719a4) Importer(815301076,1909f56bfc062723c751e8b465ee728b)
Start importing Assets/Fonts using Guid(92261c0e10d091b41a14dad79af719a4) Importer(815301076,1909f56bfc062723c751e8b465ee728b)  -> (artifact id: 'b0e13be8c9892b8da3cf6696615ae592') in 0.018748 seconds 
========================================================================
Received Import Request.
  Time since last request: 9.197027 seconds.
  path: Assets/Animations
  artifactKey: Guid(22afff79566eeb448a29d1b98fd65198) Importer(815301076,1909f56bfc062723c751e8b465ee728b)
Start importing Assets/Animations using Guid(22afff79566eeb448a29d1b98fd65198) Importer(815301076,1909f56bfc062723c751e8b465ee728b)  -> (artifact id: '7450169e45d7705b7b365f95d1387812') in 0.009801 seconds 
========================================================================
Received Import Request.
  Time since last request: 6.205526 seconds.
  path: Assets/Materials
  artifactKey: Guid(9d4b269680dba8b4cbc6c7e53b4c48ea) Importer(815301076,1909f56bfc062723c751e8b465ee728b)
Start importing Assets/Materials using Guid(9d4b269680dba8b4cbc6c7e53b4c48ea) Importer(815301076,1909f56bfc062723c751e8b465ee728b)  -> (artifact id: '7657939a445e495904b44654484cb14a') in 0.012401 seconds 
========================================================================
Received Import Request.
  Time since last request: 7.348981 seconds.
  path: Assets/Prefabs
  artifactKey: Guid(3a0bfc9b5d3471a45aebb319f14e3964) Importer(815301076,1909f56bfc062723c751e8b465ee728b)
Start importing Assets/Prefabs using Guid(3a0bfc9b5d3471a45aebb319f14e3964) Importer(815301076,1909f56bfc062723c751e8b465ee728b)  -> (artifact id: 'f7af73f458584813cda11260a2005427') in 0.009329 seconds 
========================================================================
Received Import Request.
  Time since last request: 5.309353 seconds.
  path: Assets/Sprites
  artifactKey: Guid(4a172f873037ec3468334860652ca62c) Importer(815301076,1909f56bfc062723c751e8b465ee728b)
Start importing Assets/Sprites using Guid(4a172f873037ec3468334860652ca62c) Importer(815301076,1909f56bfc062723c751e8b465ee728b)  -> (artifact id: '6f2fd272df88b8ad53d141d03976c974') in 0.014719 seconds 
========================================================================
Received Import Request.
  Time since last request: 4.705965 seconds.
  path: Assets/NewBehaviourScript.cs
  artifactKey: Guid(1c1a4026c085b0943b3d56aa365f247f) Importer(815301076,1909f56bfc062723c751e8b465ee728b)
Start importing Assets/NewBehaviourScript.cs using Guid(1c1a4026c085b0943b3d56aa365f247f) Importer(815301076,1909f56bfc062723c751e8b465ee728b)  -> (artifact id: 'b3ca73615a190e1f3a504e5321a649f5') in 0.040572 seconds 
========================================================================
Received Prepare
Registering precompiled user dll's ...
Registered in 0.003487 seconds.
Begin MonoManager ReloadAssembly
Native extension for WindowsStandalone target not found
Refreshing native plugins compatible for Editor in 0.59 ms, found 3 plugins.
Preloading 0 native plugins for Editor in 0.00 ms.
Mono: successfully reloaded assembly
- Completed reload, in  1.121 seconds
Domain Reload Profiling:
	ReloadAssembly (1121ms)
		BeginReloadAssembly (136ms)
			ExecutionOrderSort (0ms)
			DisableScriptedObjects (9ms)
			BackupInstance (0ms)
			ReleaseScriptingObjects (0ms)
			CreateAndSetChildDomain (41ms)
		EndReloadAssembly (914ms)
			LoadAssemblies (117ms)
			RebuildTransferFunctionScriptingTraits (0ms)
			SetupTypeCache (320ms)
			ReleaseScriptCaches (1ms)
			RebuildScriptCaches (43ms)
			SetupLoadedEditorAssemblies (320ms)
				LogAssemblyErrors (0ms)
				InitializePlatformSupportModulesInManaged (7ms)
				SetLoadedEditorAssemblies (0ms)
				RefreshPlugins (1ms)
				BeforeProcessingInitializeOnLoad (95ms)
				ProcessInitializeOnLoadAttributes (196ms)
				ProcessInitializeOnLoadMethodAttributes (13ms)
				AfterProcessingInitializeOnLoad (8ms)
				EditorAssembliesLoaded (0ms)
			ExecutionOrderSort2 (0ms)
			AwakeInstancesAfterBackupRestoration (3ms)
Platform modules already initialized, skipping
Switching build target platform(19) subTarget(0) extendedPlatform(0) -> platform(9) subTarget(16777218) extendedPlatform(0)
Refreshing native plugins compatible for Editor in 0.41 ms, found 3 plugins.
Preloading 0 native plugins for Editor in 0.00 ms.
Unloading 2009 Unused Serialized files (Serialized files now loaded: 0)
System memory in use before: 92.3 MB.
System memory in use after: 92.4 MB.

Unloading 16 unused Assets to reduce memory usage. Loaded Objects now: 2453.
Total: 3.590600 ms (FindLiveObjects: 0.201600 ms CreateObjectMapping: 0.108100 ms MarkObjects: 3.151100 ms  DeleteObjects: 0.127900 ms)

AssetImportParameters requested are different than current active one (requested -> active):
  custom:framework-win-MediaFoundation: 216162199b28c13a410421893ffa2e32 -> 
  custom:video-decoder-ogg-theora: a1e56fd34408186e4bbccfd4996cb3dc -> 
  custom:container-muxer-webm: aa71ff27fc2769a1b78a27578f13a17b -> 
  custom:container-demuxer-webm: 4f35f7cbe854078d1ac9338744f61a02 -> 
  custom:container-demuxer-ogg: 62fdf1f143b41e24485cea50d1cbac27 -> 
  custom:video-encoder-webm-vp8: eb34c28f22e8b96e1ab97ce403110664 -> 
  custom:video-codec-MediaFoundation-h265: 746d11721c4dcdbdad8f713fa42b33f4 -> 
  custom:video-decoder-webm-vp8: 9c59270c3fd7afecdb556c50c9e8de78 -> 
  custom:graphics/normal-map-encoding: 01000000000000000000000000000000 -> 02000000000000000000000000000000
  custom:audio-decoder-ogg-vorbis: bf7c407c2cedff20999df2af8eb42d56 -> 
  custom:audio-encoder-webm-vorbis: bf7c407c2cedff20999df2af8eb42d56 -> 
========================================================================
Received Import Request.
  Time since last request: 13.016682 seconds.
  path: Assets/Scripts
  artifactKey: Guid(c173efc12cb054647aa40db23da699a2) Importer(815301076,1909f56bfc062723c751e8b465ee728b)
Start importing Assets/Scripts using Guid(c173efc12cb054647aa40db23da699a2) Importer(815301076,1909f56bfc062723c751e8b465ee728b)  -> (artifact id: '0654b86c42aa1274633f69594bc9aab0') in 0.012087 seconds 
========================================================================
Received Import Request.
  Time since last request: 57.010547 seconds.
  path: Assets/Sprites/SpaceInvaders.png
  artifactKey: Guid(bc6b00ff065c33042909f158a70087fe) Importer(815301076,1909f56bfc062723c751e8b465ee728b)
Start importing Assets/Sprites/SpaceInvaders.png using Guid(bc6b00ff065c33042909f158a70087fe) Importer(815301076,1909f56bfc062723c751e8b465ee728b)  -> (artifact id: 'dda107c2a2abcce26101d431a5cc1c6f') in 0.168449 seconds 
========================================================================
Received Import Request.
  Time since last request: 0.000340 seconds.
  path: Assets/Sprites/SpaceInvaders_Icons.png
  artifactKey: Guid(be3a728e4cedfa444bbe5a90d128ddf1) Importer(815301076,1909f56bfc062723c751e8b465ee728b)
Start importing Assets/Sprites/SpaceInvaders_Icons.png using Guid(be3a728e4cedfa444bbe5a90d128ddf1) Importer(815301076,1909f56bfc062723c751e8b465ee728b)  -> (artifact id: '38af5c59b481a25e376f4b60b347a408') in 0.022377 seconds 
========================================================================
Received Import Request.
  Time since last request: 0.000395 seconds.
  path: Assets/Sprites/SpaceInvaders_Health.png
  artifactKey: Guid(7a4d673f3f0d1624c8931986ceef6752) Importer(815301076,1909f56bfc062723c751e8b465ee728b)
Start importing Assets/Sprites/SpaceInvaders_Health.png using Guid(7a4d673f3f0d1624c8931986ceef6752) Importer(815301076,1909f56bfc062723c751e8b465ee728b)  -> (artifact id: '723528dc2acc7f28fb2b4fbfcf451679') in 0.026267 seconds 
========================================================================
Received Import Request.
  Time since last request: 0.000456 seconds.
  path: Assets/Sprites/SpaceInvaders_Buttons.png
  artifactKey: Guid(9e93d44b02dd934418535de0f80ee26d) Importer(815301076,1909f56bfc062723c751e8b465ee728b)
Start importing Assets/Sprites/SpaceInvaders_Buttons.png using Guid(9e93d44b02dd934418535de0f80ee26d) Importer(815301076,1909f56bfc062723c751e8b465ee728b)  -> (artifact id: '21b64978ca800933d27438985e1fc37b') in 0.031298 seconds 
========================================================================
Received Import Request.
  Time since last request: 0.000550 seconds.
  path: Assets/Sprites/SpaceInvaders_Borders.png
  artifactKey: Guid(213f4df4706c8fb44bb373e04bbe7313) Importer(815301076,1909f56bfc062723c751e8b465ee728b)
Start importing Assets/Sprites/SpaceInvaders_Borders.png using Guid(213f4df4706c8fb44bb373e04bbe7313) Importer(815301076,1909f56bfc062723c751e8b465ee728b)  -> (artifact id: 'f8de2a092300ac3818573310a5fa0dbb') in 0.029833 seconds 
========================================================================
Received Import Request.
  Time since last request: 0.000693 seconds.
  path: Assets/Sprites/SpaceInvaders_Pickups.png
  artifactKey: Guid(cd8bdbe24c44f53488787b87d8e4379e) Importer(815301076,1909f56bfc062723c751e8b465ee728b)
Start importing Assets/Sprites/SpaceInvaders_Pickups.png using Guid(cd8bdbe24c44f53488787b87d8e4379e) Importer(815301076,1909f56bfc062723c751e8b465ee728b)  -> (artifact id: '17ae25018b485f8ea45d5a28a60e541a') in 0.030908 seconds 
========================================================================
Received Import Request.
  Time since last request: 19.249271 seconds.
  path: Assets/Sprites/SpaceInvaders_Health.png
  artifactKey: Guid(7a4d673f3f0d1624c8931986ceef6752) Importer(815301076,1909f56bfc062723c751e8b465ee728b)
Start importing Assets/Sprites/SpaceInvaders_Health.png using Guid(7a4d673f3f0d1624c8931986ceef6752) Importer(815301076,1909f56bfc062723c751e8b465ee728b)  -> (artifact id: '87cc3c5387e91328f542d2d8ec635666') in 0.007808 seconds 
========================================================================
Received Import Request.
  Time since last request: 0.019898 seconds.
  path: Assets/Sprites/SpaceInvaders.png
  artifactKey: Guid(bc6b00ff065c33042909f158a70087fe) Importer(815301076,1909f56bfc062723c751e8b465ee728b)
Start importing Assets/Sprites/SpaceInvaders.png using Guid(bc6b00ff065c33042909f158a70087fe) Importer(815301076,1909f56bfc062723c751e8b465ee728b)  -> (artifact id: 'a8d4569314979cfa4437a1bb15952845') in 0.010547 seconds 
========================================================================
Received Import Request.
  Time since last request: 0.001636 seconds.
  path: Assets/Sprites/SpaceInvaders_Icons.png
  artifactKey: Guid(be3a728e4cedfa444bbe5a90d128ddf1) Importer(815301076,1909f56bfc062723c751e8b465ee728b)
Start importing Assets/Sprites/SpaceInvaders_Icons.png using Guid(be3a728e4cedfa444bbe5a90d128ddf1) Importer(815301076,1909f56bfc062723c751e8b465ee728b)  -> (artifact id: '7f9cb80552554f71207dd9f3e405c73b') in 0.021050 seconds 
========================================================================
Received Import Request.
  Time since last request: 0.000390 seconds.
  path: Assets/Sprites/SpaceInvaders_Buttons.png
  artifactKey: Guid(9e93d44b02dd934418535de0f80ee26d) Importer(815301076,1909f56bfc062723c751e8b465ee728b)
Start importing Assets/Sprites/SpaceInvaders_Buttons.png using Guid(9e93d44b02dd934418535de0f80ee26d) Importer(815301076,1909f56bfc062723c751e8b465ee728b)  -> (artifact id: '8177d9e1bdff5e83e29b15fbce75e618') in 0.013852 seconds 
========================================================================
Received Import Request.
  Time since last request: 0.000822 seconds.
  path: Assets/Sprites/SpaceInvaders_Borders.png
  artifactKey: Guid(213f4df4706c8fb44bb373e04bbe7313) Importer(815301076,1909f56bfc062723c751e8b465ee728b)
Start importing Assets/Sprites/SpaceInvaders_Borders.png using Guid(213f4df4706c8fb44bb373e04bbe7313) Importer(815301076,1909f56bfc062723c751e8b465ee728b)  -> (artifact id: '8f75c227610f0a127173f862f9b757de') in 0.009866 seconds 
========================================================================
Received Import Request.
  Time since last request: 0.000414 seconds.
  path: Assets/Sprites/SpaceInvaders_Pickups.png
  artifactKey: Guid(cd8bdbe24c44f53488787b87d8e4379e) Importer(815301076,1909f56bfc062723c751e8b465ee728b)
Start importing Assets/Sprites/SpaceInvaders_Pickups.png using Guid(cd8bdbe24c44f53488787b87d8e4379e) Importer(815301076,1909f56bfc062723c751e8b465ee728b)  -> (artifact id: '24f18cff1b23af7a8daa57f0e741cf05') in 0.010989 seconds 
========================================================================
Received Import Request.
  Time since last request: 8.457501 seconds.
  path: Assets/Sprites/SpaceInvaders.png
  artifactKey: Guid(bc6b00ff065c33042909f158a70087fe) Importer(815301076,1909f56bfc062723c751e8b465ee728b)
Start importing Assets/Sprites/SpaceInvaders.png using Guid(bc6b00ff065c33042909f158a70087fe) Importer(815301076,1909f56bfc062723c751e8b465ee728b)  -> (artifact id: '3975be201a50fd48dcac149457c11a7e') in 0.018086 seconds 
========================================================================
Received Import Request.
  Time since last request: 0.000353 seconds.
  path: Assets/Sprites/SpaceInvaders_Icons.png
  artifactKey: Guid(be3a728e4cedfa444bbe5a90d128ddf1) Importer(815301076,1909f56bfc062723c751e8b465ee728b)
Start importing Assets/Sprites/SpaceInvaders_Icons.png using Guid(be3a728e4cedfa444bbe5a90d128ddf1) Importer(815301076,1909f56bfc062723c751e8b465ee728b)  -> (artifact id: '3972b16b2a3c56c2cd2bb7bc6f989444') in 0.012435 seconds 
========================================================================
Received Import Request.
  Time since last request: 0.000354 seconds.
  path: Assets/Sprites/SpaceInvaders_Health.png
  artifactKey: Guid(7a4d673f3f0d1624c8931986ceef6752) Importer(815301076,1909f56bfc062723c751e8b465ee728b)
Start importing Assets/Sprites/SpaceInvaders_Health.png using Guid(7a4d673f3f0d1624c8931986ceef6752) Importer(815301076,1909f56bfc062723c751e8b465ee728b)  -> (artifact id: 'c21379c2beae28805a060a6e85dead0e') in 0.010964 seconds 
========================================================================
Received Import Request.
  Time since last request: 0.000426 seconds.
  path: Assets/Sprites/SpaceInvaders_Buttons.png
  artifactKey: Guid(9e93d44b02dd934418535de0f80ee26d) Importer(815301076,1909f56bfc062723c751e8b465ee728b)
Start importing Assets/Sprites/SpaceInvaders_Buttons.png using Guid(9e93d44b02dd934418535de0f80ee26d) Importer(815301076,1909f56bfc062723c751e8b465ee728b)  -> (artifact id: '6ff820e7699c9c7e04908f05c91665ad') in 0.018709 seconds 
========================================================================
Received Import Request.
  Time since last request: 0.000433 seconds.
  path: Assets/Sprites/SpaceInvaders_Borders.png
  artifactKey: Guid(213f4df4706c8fb44bb373e04bbe7313) Importer(815301076,1909f56bfc062723c751e8b465ee728b)
Start importing Assets/Sprites/SpaceInvaders_Borders.png using Guid(213f4df4706c8fb44bb373e04bbe7313) Importer(815301076,1909f56bfc062723c751e8b465ee728b)  -> (artifact id: 'd6554c5a8987c665cdf462ca088b613f') in 0.009802 seconds 
========================================================================
Received Import Request.
  Time since last request: 0.000343 seconds.
  path: Assets/Sprites/SpaceInvaders_Pickups.png
  artifactKey: Guid(cd8bdbe24c44f53488787b87d8e4379e) Importer(815301076,1909f56bfc062723c751e8b465ee728b)
Start importing Assets/Sprites/SpaceInvaders_Pickups.png using Guid(cd8bdbe24c44f53488787b87d8e4379e) Importer(815301076,1909f56bfc062723c751e8b465ee728b)  -> (artifact id: 'a8eaa980c69209444bab6b71d0e59546') in 0.012444 seconds 
========================================================================
Received Import Request.
  Time since last request: 8.759907 seconds.
  path: Assets/Sprites/SpaceInvaders.png
  artifactKey: Guid(bc6b00ff065c33042909f158a70087fe) Importer(815301076,1909f56bfc062723c751e8b465ee728b)
Start importing Assets/Sprites/SpaceInvaders.png using Guid(bc6b00ff065c33042909f158a70087fe) Importer(815301076,1909f56bfc062723c751e8b465ee728b)  -> (artifact id: '221384d6bc56870cb1daeead54fd128a') in 0.009480 seconds 
========================================================================
Received Import Request.
  Time since last request: 0.000489 seconds.
  path: Assets/Sprites/SpaceInvaders_Icons.png
  artifactKey: Guid(be3a728e4cedfa444bbe5a90d128ddf1) Importer(815301076,1909f56bfc062723c751e8b465ee728b)
Start importing Assets/Sprites/SpaceInvaders_Icons.png using Guid(be3a728e4cedfa444bbe5a90d128ddf1) Importer(815301076,1909f56bfc062723c751e8b465ee728b)  -> (artifact id: 'a74e2572b2a95cd796e19d399fba4db4') in 0.013836 seconds 
========================================================================
Received Import Request.
  Time since last request: 0.000514 seconds.
  path: Assets/Sprites/SpaceInvaders_Health.png
  artifactKey: Guid(7a4d673f3f0d1624c8931986ceef6752) Importer(815301076,1909f56bfc062723c751e8b465ee728b)
Start importing Assets/Sprites/SpaceInvaders_Health.png using Guid(7a4d673f3f0d1624c8931986ceef6752) Importer(815301076,1909f56bfc062723c751e8b465ee728b)  -> (artifact id: '9b658a5f431139903d330f7610feb848') in 0.015410 seconds 
========================================================================
Received Import Request.
  Time since last request: 0.000537 seconds.
  path: Assets/Sprites/SpaceInvaders_Buttons.png
  artifactKey: Guid(9e93d44b02dd934418535de0f80ee26d) Importer(815301076,1909f56bfc062723c751e8b465ee728b)
Start importing Assets/Sprites/SpaceInvaders_Buttons.png using Guid(9e93d44b02dd934418535de0f80ee26d) Importer(815301076,1909f56bfc062723c751e8b465ee728b)  -> (artifact id: '0fac0bc313f3e8e52f724d657029ad9d') in 0.017719 seconds 
========================================================================
Received Import Request.
  Time since last request: 0.000444 seconds.
  path: Assets/Sprites/SpaceInvaders_Borders.png
  artifactKey: Guid(213f4df4706c8fb44bb373e04bbe7313) Importer(815301076,1909f56bfc062723c751e8b465ee728b)
Start importing Assets/Sprites/SpaceInvaders_Borders.png using Guid(213f4df4706c8fb44bb373e04bbe7313) Importer(815301076,1909f56bfc062723c751e8b465ee728b)  -> (artifact id: '04de06725251cb6929989db212c100f9') in 0.018514 seconds 
========================================================================
Received Import Request.
  Time since last request: 0.000403 seconds.
  path: Assets/Sprites/SpaceInvaders_Pickups.png
  artifactKey: Guid(cd8bdbe24c44f53488787b87d8e4379e) Importer(815301076,1909f56bfc062723c751e8b465ee728b)
Start importing Assets/Sprites/SpaceInvaders_Pickups.png using Guid(cd8bdbe24c44f53488787b87d8e4379e) Importer(815301076,1909f56bfc062723c751e8b465ee728b)  -> (artifact id: '843b961c0a2383bfdf466f0889d82f2f') in 0.011007 seconds 
========================================================================
Received Import Request.
  Time since last request: 42.436974 seconds.
  path: Assets/Sprites/SpaceInvaders.png
  artifactKey: Guid(bc6b00ff065c33042909f158a70087fe) Importer(815301076,1909f56bfc062723c751e8b465ee728b)
Start importing Assets/Sprites/SpaceInvaders.png using Guid(bc6b00ff065c33042909f158a70087fe) Importer(815301076,1909f56bfc062723c751e8b465ee728b)  -> (artifact id: '507ad79bd821afd01cfc2876b5bd88c5') in 0.014502 seconds 
========================================================================
Received Import Request.
  Time since last request: 0.000412 seconds.
  path: Assets/Sprites/SpaceInvaders_Icons.png
  artifactKey: Guid(be3a728e4cedfa444bbe5a90d128ddf1) Importer(815301076,1909f56bfc062723c751e8b465ee728b)
Start importing Assets/Sprites/SpaceInvaders_Icons.png using Guid(be3a728e4cedfa444bbe5a90d128ddf1) Importer(815301076,1909f56bfc062723c751e8b465ee728b)  -> (artifact id: '9b521a80af1351ea17ba1f94c6e3004f') in 0.018120 seconds 
========================================================================
Received Import Request.
  Time since last request: 0.000464 seconds.
  path: Assets/Sprites/SpaceInvaders_Health.png
  artifactKey: Guid(7a4d673f3f0d1624c8931986ceef6752) Importer(815301076,1909f56bfc062723c751e8b465ee728b)
Start importing Assets/Sprites/SpaceInvaders_Health.png using Guid(7a4d673f3f0d1624c8931986ceef6752) Importer(815301076,1909f56bfc062723c751e8b465ee728b)  -> (artifact id: '0d72772ece2d6abc7b93d36ec79c001e') in 0.015441 seconds 
========================================================================
Received Import Request.
  Time since last request: 0.000722 seconds.
  path: Assets/Sprites/SpaceInvaders_Pickups.png
  artifactKey: Guid(cd8bdbe24c44f53488787b87d8e4379e) Importer(815301076,1909f56bfc062723c751e8b465ee728b)
Start importing Assets/Sprites/SpaceInvaders_Pickups.png using Guid(cd8bdbe24c44f53488787b87d8e4379e) Importer(815301076,1909f56bfc062723c751e8b465ee728b)  -> (artifact id: '67b474e90e25b659df9a5930b5bd5fc4') in 0.017281 seconds 
========================================================================
Received Import Request.
  Time since last request: 450.483067 seconds.
  path: Assets/Sprites/SpaceInvaders.png
  artifactKey: Guid(bc6b00ff065c33042909f158a70087fe) Importer(815301076,1909f56bfc062723c751e8b465ee728b)
Start importing Assets/Sprites/SpaceInvaders.png using Guid(bc6b00ff065c33042909f158a70087fe) Importer(815301076,1909f56bfc062723c751e8b465ee728b)  -> (artifact id: '635a19fe9193833754ce629a2add1436') in 0.132733 seconds 
========================================================================
Received Import Request.
  Time since last request: 57.233390 seconds.
  path: Assets/Sprites/SpaceInvaders_Borders.png
  artifactKey: Guid(213f4df4706c8fb44bb373e04bbe7313) Importer(815301076,1909f56bfc062723c751e8b465ee728b)
Start importing Assets/Sprites/SpaceInvaders_Borders.png using Guid(213f4df4706c8fb44bb373e04bbe7313) Importer(815301076,1909f56bfc062723c751e8b465ee728b)  -> (artifact id: '4c61ca6bf7e9b37be0b8520f4c13c207') in 0.008271 seconds 
========================================================================
Received Import Request.
  Time since last request: 35.123568 seconds.
  path: Assets/Sprites/SpaceInvaders_Buttons.png
  artifactKey: Guid(9e93d44b02dd934418535de0f80ee26d) Importer(815301076,1909f56bfc062723c751e8b465ee728b)
Start importing Assets/Sprites/SpaceInvaders_Buttons.png using Guid(9e93d44b02dd934418535de0f80ee26d) Importer(815301076,1909f56bfc062723c751e8b465ee728b)  -> (artifact id: '8177145229b88310563a8c0c6b8e859c') in 0.009255 seconds 
========================================================================
Received Prepare
Registering precompiled user dll's ...
Registered in 0.004728 seconds.
Begin MonoManager ReloadAssembly
Native extension for WindowsStandalone target not found
Refreshing native plugins compatible for Editor in 0.44 ms, found 3 plugins.
Preloading 0 native plugins for Editor in 0.00 ms.
Mono: successfully reloaded assembly
- Completed reload, in  1.350 seconds
Domain Reload Profiling:
	ReloadAssembly (1351ms)
		BeginReloadAssembly (234ms)
			ExecutionOrderSort (0ms)
			DisableScriptedObjects (11ms)
			BackupInstance (0ms)
			ReleaseScriptingObjects (0ms)
			CreateAndSetChildDomain (78ms)
		EndReloadAssembly (1031ms)
			LoadAssemblies (185ms)
			RebuildTransferFunctionScriptingTraits (0ms)
			SetupTypeCache (401ms)
			ReleaseScriptCaches (1ms)
			RebuildScriptCaches (52ms)
			SetupLoadedEditorAssemblies (318ms)
				LogAssemblyErrors (0ms)
				InitializePlatformSupportModulesInManaged (14ms)
				SetLoadedEditorAssemblies (1ms)
				RefreshPlugins (1ms)
				BeforeProcessingInitializeOnLoad (91ms)
				ProcessInitializeOnLoadAttributes (194ms)
				ProcessInitializeOnLoadMethodAttributes (12ms)
				AfterProcessingInitializeOnLoad (6ms)
				EditorAssembliesLoaded (0ms)
			ExecutionOrderSort2 (0ms)
			AwakeInstancesAfterBackupRestoration (3ms)
Platform modules already initialized, skipping
Switching build target platform(19) subTarget(0) extendedPlatform(0) -> platform(9) subTarget(16777218) extendedPlatform(0)
Refreshing native plugins compatible for Editor in 0.40 ms, found 3 plugins.
Preloading 0 native plugins for Editor in 0.00 ms.
Unloading 2009 Unused Serialized files (Serialized files now loaded: 0)
System memory in use before: 95.3 MB.
System memory in use after: 95.4 MB.

Unloading 16 unused Assets to reduce memory usage. Loaded Objects now: 2473.
Total: 2.809200 ms (FindLiveObjects: 0.156000 ms CreateObjectMapping: 0.090000 ms MarkObjects: 2.502400 ms  DeleteObjects: 0.059900 ms)

AssetImportParameters requested are different than current active one (requested -> active):
  custom:framework-win-MediaFoundation: 216162199b28c13a410421893ffa2e32 -> 
  custom:video-decoder-ogg-theora: a1e56fd34408186e4bbccfd4996cb3dc -> 
  custom:container-muxer-webm: aa71ff27fc2769a1b78a27578f13a17b -> 
  custom:container-demuxer-webm: 4f35f7cbe854078d1ac9338744f61a02 -> 
  custom:container-demuxer-ogg: 62fdf1f143b41e24485cea50d1cbac27 -> 
  custom:video-encoder-webm-vp8: eb34c28f22e8b96e1ab97ce403110664 -> 
  custom:video-codec-MediaFoundation-h265: 746d11721c4dcdbdad8f713fa42b33f4 -> 
  custom:video-decoder-webm-vp8: 9c59270c3fd7afecdb556c50c9e8de78 -> 
  custom:graphics/normal-map-encoding: 01000000000000000000000000000000 -> 02000000000000000000000000000000
  custom:audio-decoder-ogg-vorbis: bf7c407c2cedff20999df2af8eb42d56 -> 
  custom:audio-encoder-webm-vorbis: bf7c407c2cedff20999df2af8eb42d56 -> 
========================================================================
Received Import Request.
  Time since last request: 575.922084 seconds.
  path: Assets/Sprites/SpaceInvaders 1.png
  artifactKey: Guid(70ac454094d989b4fa7df86a4e671385) Importer(815301076,1909f56bfc062723c751e8b465ee728b)
Start importing Assets/Sprites/SpaceInvaders 1.png using Guid(70ac454094d989b4fa7df86a4e671385) Importer(815301076,1909f56bfc062723c751e8b465ee728b)  -> (artifact id: 'fcc5c2c3ed5ee98e1402d917f9399dd1') in 0.132120 seconds 
========================================================================
Received Import Request.
  Time since last request: 42.988617 seconds.
  path: Assets/Animations/Explosion.anim
  artifactKey: Guid(b81ea1f9219b87c4a8a0198eac40bf25) Importer(815301076,1909f56bfc062723c751e8b465ee728b)
Start importing Assets/Animations/Explosion.anim using Guid(b81ea1f9219b87c4a8a0198eac40bf25) Importer(815301076,1909f56bfc062723c751e8b465ee728b)  -> (artifact id: '3cb299051ddc1f29097abf4036547d5c') in 0.015342 seconds 
========================================================================
Received Import Request.
  Time since last request: 2.692842 seconds.
  path: Assets/Animations/Explosion.anim
  artifactKey: Guid(b81ea1f9219b87c4a8a0198eac40bf25) Importer(815301076,1909f56bfc062723c751e8b465ee728b)
Start importing Assets/Animations/Explosion.anim using Guid(b81ea1f9219b87c4a8a0198eac40bf25) Importer(815301076,1909f56bfc062723c751e8b465ee728b)  -> (artifact id: 'd33a37727b916f025e409de3108ed292') in 0.004472 seconds 
========================================================================
Received Prepare
Registering precompiled user dll's ...
Registered in 0.004370 seconds.
Begin MonoManager ReloadAssembly
Native extension for WindowsStandalone target not found
Refreshing native plugins compatible for Editor in 0.41 ms, found 3 plugins.
Preloading 0 native plugins for Editor in 0.00 ms.
Mono: successfully reloaded assembly
- Completed reload, in  1.090 seconds
Domain Reload Profiling:
	ReloadAssembly (1090ms)
		BeginReloadAssembly (124ms)
			ExecutionOrderSort (0ms)
			DisableScriptedObjects (7ms)
			BackupInstance (0ms)
			ReleaseScriptingObjects (0ms)
			CreateAndSetChildDomain (39ms)
		EndReloadAssembly (896ms)
			LoadAssemblies (106ms)
			RebuildTransferFunctionScriptingTraits (0ms)
			SetupTypeCache (297ms)
			ReleaseScriptCaches (1ms)
			RebuildScriptCaches (50ms)
			SetupLoadedEditorAssemblies (327ms)
				LogAssemblyErrors (0ms)
				InitializePlatformSupportModulesInManaged (5ms)
				SetLoadedEditorAssemblies (1ms)
				RefreshPlugins (0ms)
				BeforeProcessingInitializeOnLoad (96ms)
				ProcessInitializeOnLoadAttributes (206ms)
				ProcessInitializeOnLoadMethodAttributes (12ms)
				AfterProcessingInitializeOnLoad (7ms)
				EditorAssembliesLoaded (0ms)
			ExecutionOrderSort2 (0ms)
			AwakeInstancesAfterBackupRestoration (3ms)
Platform modules already initialized, skipping
Switching build target platform(19) subTarget(0) extendedPlatform(0) -> platform(9) subTarget(16777218) extendedPlatform(0)
Refreshing native plugins compatible for Editor in 0.42 ms, found 3 plugins.
Preloading 0 native plugins for Editor in 0.00 ms.
Unloading 2009 Unused Serialized files (Serialized files now loaded: 0)
System memory in use before: 95.4 MB.
System memory in use after: 95.4 MB.

Unloading 16 unused Assets to reduce memory usage. Loaded Objects now: 2477.
Total: 5.534700 ms (FindLiveObjects: 0.252200 ms CreateObjectMapping: 0.119400 ms MarkObjects: 4.985500 ms  DeleteObjects: 0.175100 ms)

AssetImportParameters requested are different than current active one (requested -> active):
  custom:framework-win-MediaFoundation: 216162199b28c13a410421893ffa2e32 -> 
  custom:video-decoder-ogg-theora: a1e56fd34408186e4bbccfd4996cb3dc -> 
  custom:container-muxer-webm: aa71ff27fc2769a1b78a27578f13a17b -> 
  custom:container-demuxer-webm: 4f35f7cbe854078d1ac9338744f61a02 -> 
  custom:container-demuxer-ogg: 62fdf1f143b41e24485cea50d1cbac27 -> 
  custom:video-encoder-webm-vp8: eb34c28f22e8b96e1ab97ce403110664 -> 
  custom:video-codec-MediaFoundation-h265: 746d11721c4dcdbdad8f713fa42b33f4 -> 
  custom:video-decoder-webm-vp8: 9c59270c3fd7afecdb556c50c9e8de78 -> 
  custom:graphics/normal-map-encoding: 01000000000000000000000000000000 -> 02000000000000000000000000000000
  custom:audio-decoder-ogg-vorbis: bf7c407c2cedff20999df2af8eb42d56 -> 
  custom:audio-encoder-webm-vorbis: bf7c407c2cedff20999df2af8eb42d56 -> 
AssetImportWorkerClient::OnTransportError - code=2 error=End of file
